mode: atomic
github.com/go-exec/exec/options.go:29.36,31.23 2 0
github.com/go-exec/exec/options.go:34.2,34.26 1 0
github.com/go-exec/exec/options.go:31.23,33.3 1 0
github.com/go-exec/exec/options.go:38.35,40.2 1 0
github.com/go-exec/exec/options.go:43.31,45.2 1 0
github.com/go-exec/exec/options.go:48.29,50.2 1 0
github.com/go-exec/exec/options.go:66.38,68.18 2 0
github.com/go-exec/exec/options.go:71.2,71.38 1 0
github.com/go-exec/exec/options.go:68.18,70.3 1 0
github.com/go-exec/exec/options.go:75.37,77.2 1 0
github.com/go-exec/exec/options.go:80.33,82.2 1 0
github.com/go-exec/exec/options.go:85.31,87.2 1 0
github.com/go-exec/exec/options.go:91.38,93.2 1 0
github.com/go-exec/exec/options.go:95.48,97.2 1 0
github.com/go-exec/exec/options.go:99.43,101.2 1 0
github.com/go-exec/exec/output.go:13.33,15.2 1 0
github.com/go-exec/exec/output.go:17.33,19.2 1 0
github.com/go-exec/exec/output.go:21.27,23.16 2 0
github.com/go-exec/exec/output.go:26.2,26.10 1 0
github.com/go-exec/exec/output.go:23.16,25.3 1 0
github.com/go-exec/exec/output.go:29.29,31.2 1 0
github.com/go-exec/exec/output.go:33.44,35.2 1 0
github.com/go-exec/exec/server.go:15.47,18.2 2 0
github.com/go-exec/exec/server.go:20.44,21.28 1 0
github.com/go-exec/exec/server.go:26.2,26.14 1 0
github.com/go-exec/exec/server.go:21.28,22.16 1 0
github.com/go-exec/exec/server.go:22.16,24.4 1 0
github.com/go-exec/exec/server.go:29.62,32.2 2 0
github.com/go-exec/exec/server.go:34.43,38.2 3 0
github.com/go-exec/exec/server.go:40.35,42.2 1 0
github.com/go-exec/exec/server.go:44.35,45.35 1 0
github.com/go-exec/exec/server.go:48.2,48.44 1 0
github.com/go-exec/exec/server.go:45.35,47.3 1 0
github.com/go-exec/exec/task.go:39.59,42.2 2 0
github.com/go-exec/exec/task.go:44.54,47.2 2 0
github.com/go-exec/exec/task.go:49.48,52.2 2 0
github.com/go-exec/exec/task.go:54.51,57.2 2 0
github.com/go-exec/exec/task.go:59.49,62.2 2 0
github.com/go-exec/exec/task.go:64.53,67.2 2 0
github.com/go-exec/exec/task.go:69.46,72.2 2 0
github.com/go-exec/exec/task.go:74.44,77.2 2 0
github.com/go-exec/exec/task.go:79.57,80.25 1 0
github.com/go-exec/exec/task.go:83.2,83.12 1 0
github.com/go-exec/exec/task.go:80.25,82.3 1 0
github.com/go-exec/exec/task.go:86.53,87.23 1 0
github.com/go-exec/exec/task.go:90.2,90.12 1 0
github.com/go-exec/exec/task.go:87.23,89.3 1 0
github.com/go-exec/exec/task.go:93.29,96.2 2 0
github.com/go-exec/exec/task.go:98.32,101.2 2 0
github.com/go-exec/exec/task.go:103.54,106.2 2 0
github.com/go-exec/exec/task.go:108.51,111.2 2 0
github.com/go-exec/exec/task.go:113.52,115.39 2 0
github.com/go-exec/exec/task.go:118.2,119.13 2 0
github.com/go-exec/exec/task.go:115.39,117.3 1 0
github.com/go-exec/exec/task.go:123.43,125.2 1 0
github.com/go-exec/exec/task.go:129.52,131.25 2 0
github.com/go-exec/exec/task.go:134.2,135.46 2 0
github.com/go-exec/exec/task.go:138.2,138.11 1 0
github.com/go-exec/exec/task.go:131.25,133.3 1 0
github.com/go-exec/exec/task.go:135.46,137.3 1 0
github.com/go-exec/exec/task.go:145.45,151.24 4 0
github.com/go-exec/exec/task.go:158.2,158.26 1 0
github.com/go-exec/exec/task.go:165.2,165.25 1 0
github.com/go-exec/exec/task.go:177.2,177.28 1 0
github.com/go-exec/exec/task.go:185.2,185.11 1 0
github.com/go-exec/exec/task.go:151.24,153.33 2 0
github.com/go-exec/exec/task.go:153.33,155.4 1 0
github.com/go-exec/exec/task.go:158.26,160.47 2 0
github.com/go-exec/exec/task.go:160.47,162.4 1 0
github.com/go-exec/exec/task.go:165.25,168.39 3 0
github.com/go-exec/exec/task.go:171.3,172.44 2 0
github.com/go-exec/exec/task.go:168.39,170.4 1 0
github.com/go-exec/exec/task.go:172.44,174.4 1 0
github.com/go-exec/exec/task.go:177.28,180.50 3 0
github.com/go-exec/exec/task.go:180.50,182.4 1 0
github.com/go-exec/exec/task.go:194.65,196.16 2 0
github.com/go-exec/exec/task.go:202.2,202.54 1 0
github.com/go-exec/exec/task.go:208.2,208.18 1 0
github.com/go-exec/exec/task.go:214.2,214.30 1 0
github.com/go-exec/exec/task.go:219.2,221.23 2 0
github.com/go-exec/exec/task.go:228.2,230.22 2 0
github.com/go-exec/exec/task.go:237.2,240.31 2 0
github.com/go-exec/exec/task.go:244.2,244.12 1 0
github.com/go-exec/exec/task.go:196.16,199.3 2 0
github.com/go-exec/exec/task.go:202.54,205.3 2 0
github.com/go-exec/exec/task.go:208.18,211.3 2 0
github.com/go-exec/exec/task.go:214.30,216.3 1 0
github.com/go-exec/exec/task.go:221.23,222.31 1 0
github.com/go-exec/exec/task.go:222.31,224.4 1 0
github.com/go-exec/exec/task.go:230.22,231.30 1 0
github.com/go-exec/exec/task.go:231.30,233.4 1 0
github.com/go-exec/exec/task.go:240.31,242.3 1 0
github.com/go-exec/exec/task.go:247.47,249.25 2 0
github.com/go-exec/exec/task.go:251.2,251.35 1 0
github.com/go-exec/exec/task.go:271.2,272.14 2 0
github.com/go-exec/exec/task.go:276.2,276.51 1 0
github.com/go-exec/exec/task.go:306.2,306.12 1 0
github.com/go-exec/exec/task.go:249.26,249.27 0 0
github.com/go-exec/exec/task.go:251.35,252.22 1 0
github.com/go-exec/exec/task.go:253.15,254.29 1 0
github.com/go-exec/exec/task.go:257.4,257.75 1 0
github.com/go-exec/exec/task.go:258.13,259.29 1 0
github.com/go-exec/exec/task.go:262.4,262.71 1 0
github.com/go-exec/exec/task.go:263.12,264.29 1 0
github.com/go-exec/exec/task.go:267.4,267.69 1 0
github.com/go-exec/exec/task.go:254.29,256.5 1 0
github.com/go-exec/exec/task.go:259.29,261.5 1 0
github.com/go-exec/exec/task.go:264.29,266.5 1 0
github.com/go-exec/exec/task.go:272.14,274.3 1 0
github.com/go-exec/exec/task.go:276.51,277.24 1 0
github.com/go-exec/exec/task.go:278.15,279.55 1 0
github.com/go-exec/exec/task.go:286.13,288.100 2 0
github.com/go-exec/exec/task.go:295.12,297.100 2 0
github.com/go-exec/exec/task.go:279.55,281.5 1 0
github.com/go-exec/exec/task.go:281.10,281.35 1 0
github.com/go-exec/exec/task.go:281.35,283.5 1 0
github.com/go-exec/exec/task.go:283.10,285.5 1 0
github.com/go-exec/exec/task.go:288.100,290.5 1 0
github.com/go-exec/exec/task.go:290.10,290.49 1 0
github.com/go-exec/exec/task.go:290.49,292.5 1 0
github.com/go-exec/exec/task.go:292.10,294.5 1 0
github.com/go-exec/exec/task.go:297.100,299.5 1 0
github.com/go-exec/exec/task.go:299.10,299.49 1 0
github.com/go-exec/exec/task.go:299.49,301.5 1 0
github.com/go-exec/exec/task.go:301.10,303.5 1 0
github.com/go-exec/exec/taskGroup.go:9.62,12.2 2 0
github.com/go-exec/exec/taskGroup.go:14.64,17.2 2 0
github.com/go-exec/exec/taskGroup.go:19.58,22.2 2 0
github.com/go-exec/exec/taskGroup.go:24.61,27.2 2 0
github.com/go-exec/exec/exec.go:33.37,33.51 1 0
github.com/go-exec/exec/exec.go:39.13,42.32 2 0
github.com/go-exec/exec/exec.go:51.2,51.31 1 0
github.com/go-exec/exec/exec.go:58.2,58.29 1 0
github.com/go-exec/exec/exec.go:75.2,82.39 4 0
github.com/go-exec/exec/exec.go:42.32,46.20 3 0
github.com/go-exec/exec/exec.go:46.20,48.4 1 0
github.com/go-exec/exec/exec.go:51.31,56.3 4 0
github.com/go-exec/exec/exec.go:58.29,59.31 1 0
github.com/go-exec/exec/exec.go:66.3,66.30 1 0
github.com/go-exec/exec/exec.go:59.31,60.41 1 0
github.com/go-exec/exec/exec.go:60.41,61.25 1 0
github.com/go-exec/exec/exec.go:61.25,63.6 1 0
github.com/go-exec/exec/exec.go:66.30,67.40 1 0
github.com/go-exec/exec/exec.go:67.40,68.25 1 0
github.com/go-exec/exec/exec.go:68.25,70.6 1 0
github.com/go-exec/exec/exec.go:82.39,84.3 1 0
github.com/go-exec/exec/exec.go:84.8,85.29 1 0
github.com/go-exec/exec/exec.go:85.29,87.4 1 0
github.com/go-exec/exec/exec.go:92.61,98.2 2 1
github.com/go-exec/exec/exec.go:101.38,102.44 1 2
github.com/go-exec/exec/exec.go:102.44,106.3 3 2
github.com/go-exec/exec/exec.go:110.41,111.36 1 2
github.com/go-exec/exec/exec.go:115.2,115.12 1 1
github.com/go-exec/exec/exec.go:111.36,113.3 1 1
github.com/go-exec/exec/exec.go:119.57,125.2 2 1
github.com/go-exec/exec/exec.go:128.32,129.40 1 2
github.com/go-exec/exec/exec.go:129.40,131.3 1 2
github.com/go-exec/exec/exec.go:135.37,136.34 1 2
github.com/go-exec/exec/exec.go:140.2,140.12 1 1
github.com/go-exec/exec/exec.go:136.34,138.3 1 1
github.com/go-exec/exec/exec.go:144.42,146.2 1 5
github.com/go-exec/exec/exec.go:149.31,150.26 1 4
github.com/go-exec/exec/exec.go:155.2,155.32 1 4
github.com/go-exec/exec/exec.go:158.2,158.12 1 2
github.com/go-exec/exec/exec.go:150.26,151.47 1 2
github.com/go-exec/exec/exec.go:151.47,153.4 1 0
github.com/go-exec/exec/exec.go:155.32,157.3 1 2
github.com/go-exec/exec/exec.go:162.28,163.26 1 4
github.com/go-exec/exec/exec.go:168.2,169.11 2 4
github.com/go-exec/exec/exec.go:163.26,164.47 1 4
github.com/go-exec/exec/exec.go:164.47,166.4 1 0
github.com/go-exec/exec/exec.go:174.46,182.2 2 0
github.com/go-exec/exec/exec.go:186.40,193.35 1 0
github.com/go-exec/exec/exec.go:197.2,197.27 1 0
github.com/go-exec/exec/exec.go:234.2,234.20 1 0
github.com/go-exec/exec/exec.go:193.35,195.4 1 0
github.com/go-exec/exec/exec.go:197.27,204.32 3 0
github.com/go-exec/exec/exec.go:232.3,232.20 1 0
github.com/go-exec/exec/exec.go:204.32,205.35 1 0
github.com/go-exec/exec/exec.go:205.35,206.40 1 0
github.com/go-exec/exec/exec.go:206.40,207.91 1 0
github.com/go-exec/exec/exec.go:207.91,218.7 4 0
github.com/go-exec/exec/exec.go:222.9,222.40 1 0
github.com/go-exec/exec/exec.go:222.40,227.4 2 0
github.com/go-exec/exec/exec.go:227.9,229.4 1 0
github.com/go-exec/exec/exec.go:239.57,246.16 1 0
github.com/go-exec/exec/exec.go:272.2,273.25 2 0
github.com/go-exec/exec/exec.go:246.16,248.32 2 0
github.com/go-exec/exec/exec.go:248.32,249.28 1 0
github.com/go-exec/exec/exec.go:253.6,253.54 1 0
github.com/go-exec/exec/exec.go:258.6,262.55 3 0
github.com/go-exec/exec/exec.go:267.6,267.23 1 0
github.com/go-exec/exec/exec.go:249.28,250.15 1 0
github.com/go-exec/exec/exec.go:253.54,254.15 1 0
github.com/go-exec/exec/exec.go:262.55,264.7 1 0
github.com/go-exec/exec/exec.go:277.60,285.16 5 0
github.com/go-exec/exec/exec.go:290.2,291.16 2 0
github.com/go-exec/exec/exec.go:297.2,298.16 2 0
github.com/go-exec/exec/exec.go:304.2,309.16 4 0
github.com/go-exec/exec/exec.go:318.2,318.17 1 0
github.com/go-exec/exec/exec.go:329.2,331.22 2 0
github.com/go-exec/exec/exec.go:337.2,338.16 2 0
github.com/go-exec/exec/exec.go:342.2,342.10 1 0
github.com/go-exec/exec/exec.go:285.16,289.3 3 0
github.com/go-exec/exec/exec.go:291.16,295.3 3 0
github.com/go-exec/exec/exec.go:298.16,302.3 3 0
github.com/go-exec/exec/exec.go:309.16,311.3 1 0
github.com/go-exec/exec/exec.go:311.8,313.29 2 0
github.com/go-exec/exec/exec.go:316.3,316.27 1 0
github.com/go-exec/exec/exec.go:313.29,315.4 1 0
github.com/go-exec/exec/exec.go:318.17,321.29 3 0
github.com/go-exec/exec/exec.go:324.3,324.34 1 0
github.com/go-exec/exec/exec.go:321.29,323.4 1 0
github.com/go-exec/exec/exec.go:324.34,326.4 1 0
github.com/go-exec/exec/exec.go:331.22,335.3 3 0
github.com/go-exec/exec/exec.go:338.16,340.3 1 0
github.com/go-exec/exec/exec.go:346.27,348.2 1 0
github.com/go-exec/exec/exec.go:351.35,353.2 1 0
github.com/go-exec/exec/exec.go:356.59,362.34 4 0
github.com/go-exec/exec/exec.go:370.2,370.33 1 0
github.com/go-exec/exec/exec.go:416.2,416.10 1 0
github.com/go-exec/exec/exec.go:362.34,364.17 2 0
github.com/go-exec/exec/exec.go:364.17,367.4 2 0
github.com/go-exec/exec/exec.go:370.33,372.17 2 0
github.com/go-exec/exec/exec.go:377.3,382.17 4 0
github.com/go-exec/exec/exec.go:391.3,391.18 1 0
github.com/go-exec/exec/exec.go:402.3,404.23 2 0
github.com/go-exec/exec/exec.go:410.3,411.17 2 0
github.com/go-exec/exec/exec.go:372.17,375.4 2 0
github.com/go-exec/exec/exec.go:382.17,384.4 1 0
github.com/go-exec/exec/exec.go:384.9,386.30 2 0
github.com/go-exec/exec/exec.go:389.4,389.28 1 0
github.com/go-exec/exec/exec.go:386.30,388.5 1 0
github.com/go-exec/exec/exec.go:391.18,394.30 3 0
github.com/go-exec/exec/exec.go:397.4,397.35 1 0
github.com/go-exec/exec/exec.go:394.30,396.5 1 0
github.com/go-exec/exec/exec.go:397.35,399.5 1 0
github.com/go-exec/exec/exec.go:404.23,408.4 3 0
github.com/go-exec/exec/exec.go:411.17,413.4 1 0
github.com/go-exec/exec/exec.go:420.61,423.10 2 0
github.com/go-exec/exec/exec.go:428.2,428.26 1 0
github.com/go-exec/exec/exec.go:432.2,432.10 1 0
github.com/go-exec/exec/exec.go:423.10,426.3 2 0
github.com/go-exec/exec/exec.go:428.26,430.3 1 0
github.com/go-exec/exec/exec.go:436.35,439.10 2 0
github.com/go-exec/exec/exec.go:443.2,444.30 2 0
github.com/go-exec/exec/exec.go:447.2,449.32 2 0
github.com/go-exec/exec/exec.go:439.10,441.3 1 0
github.com/go-exec/exec/exec.go:444.30,446.3 1 0
github.com/go-exec/exec/exec.go:453.37,456.10 2 0
github.com/go-exec/exec/exec.go:460.2,461.30 2 0
github.com/go-exec/exec/exec.go:464.2,466.32 2 0
github.com/go-exec/exec/exec.go:456.10,458.3 1 0
github.com/go-exec/exec/exec.go:461.30,463.3 1 0
github.com/go-exec/exec/exec.go:470.49,471.33 1 0
github.com/go-exec/exec/exec.go:471.33,472.34 1 0
github.com/go-exec/exec/exec.go:472.34,474.4 1 0
github.com/go-exec/exec/exec.go:479.47,480.32 1 0
github.com/go-exec/exec/exec.go:480.32,481.33 1 0
github.com/go-exec/exec/exec.go:481.33,483.4 1 0
github.com/go-exec/exec/exec.go:487.50,491.39 2 0
github.com/go-exec/exec/exec.go:496.2,496.24 1 0
github.com/go-exec/exec/exec.go:521.2,521.23 1 0
github.com/go-exec/exec/exec.go:491.39,493.3 1 0
github.com/go-exec/exec/exec.go:496.24,498.52 1 0
github.com/go-exec/exec/exec.go:503.3,503.41 1 0
github.com/go-exec/exec/exec.go:516.3,516.51 1 0
github.com/go-exec/exec/exec.go:498.52,500.4 1 0
github.com/go-exec/exec/exec.go:503.41,505.33 2 0
github.com/go-exec/exec/exec.go:513.4,513.41 1 0
github.com/go-exec/exec/exec.go:505.33,506.51 1 0
github.com/go-exec/exec/exec.go:506.51,508.19 1 0
github.com/go-exec/exec/exec.go:508.19,510.7 1 0
github.com/go-exec/exec/exec.go:516.51,518.4 1 0
github.com/go-exec/exec/exec.go:524.70,526.2 1 0
github.com/go-exec/exec/exec.go:528.64,530.2 1 0
github.com/go-exec/exec/exec.go:533.16,534.38 1 0
github.com/go-exec/exec/exec.go:534.38,536.3 1 0
github.com/go-exec/exec/exec.go:540.14,541.36 1 0
github.com/go-exec/exec/exec.go:541.36,543.3 1 0
github.com/go-exec/exec/console.go:20.32,24.2 3 0
github.com/go-exec/exec/console.go:32.64,36.2 3 0
github.com/go-exec/exec/console.go:38.60,39.50 1 0
github.com/go-exec/exec/console.go:44.2,44.19 1 0
github.com/go-exec/exec/console.go:39.50,40.46 1 0
github.com/go-exec/exec/console.go:40.46,42.4 1 0
github.com/go-exec/exec/console.go:47.72,50.2 2 0
github.com/go-exec/exec/ssh.go:41.36,43.2 1 0
github.com/go-exec/exec/ssh.go:46.50,50.47 2 0
github.com/go-exec/exec/ssh.go:54.2,54.48 1 0
github.com/go-exec/exec/ssh.go:60.2,60.18 1 0
github.com/go-exec/exec/ssh.go:68.2,68.35 1 0
github.com/go-exec/exec/ssh.go:73.2,73.36 1 0
github.com/go-exec/exec/ssh.go:77.2,77.12 1 0
github.com/go-exec/exec/ssh.go:50.47,52.3 1 0
github.com/go-exec/exec/ssh.go:54.48,57.3 2 0
github.com/go-exec/exec/ssh.go:60.18,62.17 2 0
github.com/go-exec/exec/ssh.go:65.3,65.22 1 0
github.com/go-exec/exec/ssh.go:62.17,64.4 1 0
github.com/go-exec/exec/ssh.go:68.35,70.3 1 0
github.com/go-exec/exec/ssh.go:73.36,75.3 1 0
github.com/go-exec/exec/ssh.go:81.38,86.16 3 0
github.com/go-exec/exec/ssh.go:91.2,97.30 2 0
github.com/go-exec/exec/ssh.go:109.2,109.43 1 0
github.com/go-exec/exec/ssh.go:86.16,89.3 2 0
github.com/go-exec/exec/ssh.go:97.30,99.17 2 0
github.com/go-exec/exec/ssh.go:102.3,103.17 2 0
github.com/go-exec/exec/ssh.go:106.3,106.36 1 0
github.com/go-exec/exec/ssh.go:99.17,100.12 1 0
github.com/go-exec/exec/ssh.go:103.17,104.12 1 0
github.com/go-exec/exec/ssh.go:117.48,119.2 1 0
github.com/go-exec/exec/ssh.go:123.72,124.18 1 0
github.com/go-exec/exec/ssh.go:128.2,131.16 3 0
github.com/go-exec/exec/ssh.go:135.2,140.84 1 0
github.com/go-exec/exec/ssh.go:145.2,146.16 2 0
github.com/go-exec/exec/ssh.go:149.2,151.12 2 0
github.com/go-exec/exec/ssh.go:124.18,126.3 1 0
github.com/go-exec/exec/ssh.go:131.16,133.3 1 0
github.com/go-exec/exec/ssh.go:140.84,142.4 1 0
github.com/go-exec/exec/ssh.go:146.16,148.3 1 0
github.com/go-exec/exec/ssh.go:155.43,156.15 1 0
github.com/go-exec/exec/ssh.go:159.2,159.18 1 0
github.com/go-exec/exec/ssh.go:163.2,164.16 2 0
github.com/go-exec/exec/ssh.go:168.2,169.16 2 0
github.com/go-exec/exec/ssh.go:173.2,174.16 2 0
github.com/go-exec/exec/ssh.go:178.2,179.16 2 0
github.com/go-exec/exec/ssh.go:184.2,190.64 2 0
github.com/go-exec/exec/ssh.go:195.2,195.48 1 0
github.com/go-exec/exec/ssh.go:199.2,202.12 4 0
github.com/go-exec/exec/ssh.go:156.15,158.3 1 0
github.com/go-exec/exec/ssh.go:159.18,161.3 1 0
github.com/go-exec/exec/ssh.go:164.16,166.3 1 0
github.com/go-exec/exec/ssh.go:169.16,171.3 1 0
github.com/go-exec/exec/ssh.go:174.16,176.3 1 0
github.com/go-exec/exec/ssh.go:179.16,181.3 1 0
github.com/go-exec/exec/ssh.go:190.64,192.3 1 0
github.com/go-exec/exec/ssh.go:195.48,197.3 1 0
github.com/go-exec/exec/ssh.go:207.34,208.16 1 0
github.com/go-exec/exec/ssh.go:212.2,217.12 5 0
github.com/go-exec/exec/ssh.go:208.16,210.3 1 0
github.com/go-exec/exec/ssh.go:221.98,223.16 2 0
github.com/go-exec/exec/ssh.go:226.2,227.16 2 0
github.com/go-exec/exec/ssh.go:230.2,230.44 1 0
github.com/go-exec/exec/ssh.go:223.16,225.3 1 0
github.com/go-exec/exec/ssh.go:227.16,229.3 1 0
github.com/go-exec/exec/ssh.go:235.35,236.18 1 0
github.com/go-exec/exec/ssh.go:240.2,240.19 1 0
github.com/go-exec/exec/ssh.go:244.2,248.12 4 0
github.com/go-exec/exec/ssh.go:236.18,239.3 2 0
github.com/go-exec/exec/ssh.go:240.19,242.3 1 0
github.com/go-exec/exec/ssh.go:251.44,253.2 1 0
github.com/go-exec/exec/ssh.go:255.40,257.2 1 0
github.com/go-exec/exec/ssh.go:259.40,261.2 1 0
github.com/go-exec/exec/ssh.go:263.56,265.2 1 0
github.com/go-exec/exec/ssh.go:267.40,269.2 1 0
github.com/go-exec/exec/ssh.go:271.49,272.19 1 0
github.com/go-exec/exec/ssh.go:276.2,276.13 1 0
github.com/go-exec/exec/ssh.go:272.19,274.3 1 0
github.com/go-exec/exec/ssh.go:277.20,284.35 2 0
github.com/go-exec/exec/ssh.go:285.10,286.45 1 0
github.com/go-exec/exec/utils.go:19.22,23.2 3 0
github.com/go-exec/exec/utils.go:26.40,28.2 1 0
github.com/go-exec/exec/utils.go:31.32,33.27 2 0
github.com/go-exec/exec/utils.go:36.2,36.63 1 0
github.com/go-exec/exec/utils.go:33.27,35.3 1 0
github.com/go-exec/exec/utils.go:36.63,38.16 2 0
github.com/go-exec/exec/utils.go:41.3,41.13 1 0
github.com/go-exec/exec/utils.go:38.16,40.4 1 0
github.com/go-exec/exec/utils.go:47.67,49.2 1 0
github.com/go-exec/exec/utils.go:52.53,53.38 1 0
github.com/go-exec/exec/utils.go:53.38,55.3 1 0
github.com/go-exec/exec/utils.go:60.62,62.2 1 0
github.com/go-exec/exec/utils.go:65.44,66.41 1 0
github.com/go-exec/exec/utils.go:66.41,68.3 1 0
github.com/go-exec/exec/utils.go:72.49,76.2 3 0
github.com/go-exec/exec/utils.go:79.78,83.16 3 0
github.com/go-exec/exec/utils.go:86.2,87.49 2 0
github.com/go-exec/exec/utils.go:91.2,91.83 1 0
github.com/go-exec/exec/utils.go:83.16,85.3 1 0
github.com/go-exec/exec/utils.go:87.49,89.3 1 0
github.com/go-exec/exec/utils.go:91.83,93.3 1 0
github.com/go-exec/exec/utils.go:93.8,97.3 3 0
github.com/go-exec/exec/utils.go:101.60,103.87 2 0
github.com/go-exec/exec/utils.go:103.87,105.3 1 0
github.com/go-exec/exec/utils.go:105.8,109.3 3 0
github.com/go-exec/exec/utils.go:113.73,117.16 3 0
github.com/go-exec/exec/utils.go:120.2,121.49 2 0
github.com/go-exec/exec/utils.go:125.2,125.83 1 0
github.com/go-exec/exec/utils.go:117.16,119.3 1 0
github.com/go-exec/exec/utils.go:121.49,123.3 1 0
github.com/go-exec/exec/utils.go:125.83,127.3 1 0
github.com/go-exec/exec/utils.go:127.8,129.3 1 0
github.com/go-exec/exec/utils.go:133.74,135.16 2 0
github.com/go-exec/exec/utils.go:138.2,139.49 2 0
github.com/go-exec/exec/utils.go:142.2,142.21 1 0
github.com/go-exec/exec/utils.go:135.16,137.3 1 0
github.com/go-exec/exec/utils.go:139.49,141.3 1 0
github.com/go-exec/exec/utils.go:146.76,148.16 2 0
github.com/go-exec/exec/utils.go:151.2,152.49 2 0
github.com/go-exec/exec/utils.go:155.2,155.21 1 0
github.com/go-exec/exec/utils.go:148.16,150.3 1 0
github.com/go-exec/exec/utils.go:152.49,154.3 1 0
github.com/go-exec/exec/utils.go:159.56,163.67 4 0
github.com/go-exec/exec/utils.go:163.67,165.3 1 0
github.com/go-exec/exec/utils.go:165.8,167.96 2 0
github.com/go-exec/exec/utils.go:167.96,169.4 1 0
github.com/go-exec/exec/utils.go:169.9,173.4 3 0
github.com/go-exec/exec/utils.go:178.41,182.67 4 0
github.com/go-exec/exec/utils.go:182.67,184.3 1 0
github.com/go-exec/exec/utils.go:184.8,186.96 2 0
github.com/go-exec/exec/utils.go:186.96,188.4 1 0
github.com/go-exec/exec/utils.go:188.9,192.4 3 0
github.com/go-exec/exec/utils.go:197.46,201.67 4 0
github.com/go-exec/exec/utils.go:201.67,203.3 1 0
github.com/go-exec/exec/utils.go:203.8,205.96 2 0
github.com/go-exec/exec/utils.go:205.96,207.4 1 0
github.com/go-exec/exec/utils.go:207.9,211.4 3 0
github.com/go-exec/exec/utils.go:216.45,219.2 2 0
github.com/go-exec/exec/utils.go:223.56,228.26 3 0
github.com/go-exec/exec/utils.go:233.2,237.20 4 0
github.com/go-exec/exec/utils.go:241.2,241.17 1 0
github.com/go-exec/exec/utils.go:228.26,231.3 2 0
github.com/go-exec/exec/utils.go:237.20,239.3 1 0
github.com/go-exec/exec/utils.go:246.68,257.26 4 0
github.com/go-exec/exec/utils.go:266.2,270.59 4 0
github.com/go-exec/exec/utils.go:274.2,274.24 1 0
github.com/go-exec/exec/utils.go:257.26,259.22 2 0
github.com/go-exec/exec/utils.go:259.22,261.4 1 0
github.com/go-exec/exec/utils.go:261.9,263.4 1 0
github.com/go-exec/exec/utils.go:270.59,272.3 1 0
github.com/go-exec/exec/utils.go:293.97,307.25 3 0
github.com/go-exec/exec/utils.go:332.2,334.11 2 0
github.com/go-exec/exec/utils.go:349.2,349.48 1 0
github.com/go-exec/exec/utils.go:353.2,353.18 1 0
github.com/go-exec/exec/utils.go:307.25,313.26 4 0
github.com/go-exec/exec/utils.go:318.3,318.19 1 0
github.com/go-exec/exec/utils.go:323.3,323.26 1 0
github.com/go-exec/exec/utils.go:327.3,327.19 1 0
github.com/go-exec/exec/utils.go:313.26,316.4 2 0
github.com/go-exec/exec/utils.go:318.19,321.4 2 0
github.com/go-exec/exec/utils.go:323.26,325.4 1 0
github.com/go-exec/exec/utils.go:327.19,329.4 1 0
github.com/go-exec/exec/utils.go:334.11,338.21 3 0
github.com/go-exec/exec/utils.go:342.3,342.19 1 0
github.com/go-exec/exec/utils.go:338.21,340.4 1 0
github.com/go-exec/exec/utils.go:342.19,343.41 1 0
github.com/go-exec/exec/utils.go:343.41,345.5 1 0
github.com/go-exec/exec/utils.go:349.48,351.3 1 0
github.com/go-exec/exec/utils.go:356.46,359.19 3 0
github.com/go-exec/exec/utils.go:365.2,365.13 1 0
github.com/go-exec/exec/utils.go:360.21,361.45 1 0
github.com/go-exec/exec/utils.go:362.22,363.22 1 0
github.com/go-exec/exec/utils.go:368.110,370.15 2 0
github.com/go-exec/exec/utils.go:373.2,373.15 1 0
github.com/go-exec/exec/utils.go:376.2,377.25 2 0
github.com/go-exec/exec/utils.go:384.2,384.15 1 0
github.com/go-exec/exec/utils.go:370.15,372.3 1 0
github.com/go-exec/exec/utils.go:373.15,375.3 1 0
github.com/go-exec/exec/utils.go:377.25,378.23 1 0
github.com/go-exec/exec/utils.go:378.23,379.34 1 0
github.com/go-exec/exec/utils.go:379.34,381.5 1 0
github.com/go-exec/exec/utils.go:387.104,389.15 2 0
github.com/go-exec/exec/utils.go:392.2,392.15 1 0
github.com/go-exec/exec/utils.go:395.2,396.25 2 0
github.com/go-exec/exec/utils.go:403.2,403.15 1 0
github.com/go-exec/exec/utils.go:389.15,391.3 1 0
github.com/go-exec/exec/utils.go:392.15,394.3 1 0
github.com/go-exec/exec/utils.go:396.25,397.23 1 0
github.com/go-exec/exec/utils.go:397.23,398.34 1 0
github.com/go-exec/exec/utils.go:398.34,400.5 1 0
github.com/go-exec/exec/utils.go:406.49,408.26 2 0
github.com/go-exec/exec/utils.go:412.2,413.11 2 0
github.com/go-exec/exec/utils.go:408.26,410.3 1 0
github.com/go-exec/exec/config.go:15.38,18.30 2 0
github.com/go-exec/exec/config.go:31.2,31.16 1 0
github.com/go-exec/exec/config.go:18.30,21.40 2 0
github.com/go-exec/exec/config.go:25.3,25.46 1 0
github.com/go-exec/exec/config.go:29.3,29.39 1 0
github.com/go-exec/exec/config.go:21.40,22.82 1 0
github.com/go-exec/exec/config.go:25.46,26.57 1 0
github.com/go-exec/exec/config.go:34.34,36.2 1 0
github.com/go-exec/exec/config.go:38.28,40.2 1 0
github.com/go-exec/exec/config.go:42.32,44.2 1 0
github.com/go-exec/exec/config.go:46.30,48.2 1 0
github.com/go-exec/exec/config.go:50.35,52.2 1 0
github.com/go-exec/exec/config.go:54.35,56.2 1 0
